<?xml version="1.0" encoding="UTF-8"?>
<coverage generated="1780176434432" clover="3.2.0">
  <project timestamp="1780176434432" name="All files">
    <metrics statements="24" coveredstatements="24" conditionals="18" coveredconditionals="18" methods="3" coveredmethods="3" elements="45" coveredelements="45" complexity="0" loc="24" ncloc="24" packages="1" files="1" classes="1"/>
    <file name="courses.enrollments.ts" path="/Users/mac/Desktop/EduAI/apps/core/app/routes/api/courses.enrollments.ts">
      <metrics statements="24" coveredstatements="24" conditionals="18" coveredconditionals="18" methods="3" coveredmethods="3"/>
      <line num="9" count="14" type="stmt"/>
      <line num="10" count="14" type="cond" truecount="2" falsecount="0"/>
      <line num="11" count="1" type="stmt"/>
      <line num="17" count="13" type="stmt"/>
      <line num="18" count="13" type="stmt"/>
      <line num="20" count="13" type="cond" truecount="2" falsecount="0"/>
      <line num="21" count="8" type="stmt"/>
      <line num="22" count="8" type="cond" truecount="2" falsecount="0"/>
      <line num="23" count="1" type="stmt"/>
      <line num="25" count="7" type="stmt"/>
      <line num="27" count="5" type="stmt"/>
      <line num="29" count="5" type="cond" truecount="2" falsecount="0"/>
      <line num="30" count="1" type="stmt"/>
      <line num="35" count="4" type="stmt"/>
      <line num="38" count="11" type="stmt"/>
      <line num="39" count="11" type="cond" truecount="2" falsecount="0"/>
      <line num="40" count="2" type="stmt"/>
      <line num="46" count="9" type="stmt"/>
      <line num="49" count="9" type="cond" truecount="4" falsecount="0"/>
      <line num="50" count="7" type="stmt"/>
      <line num="52" count="3" type="cond" truecount="2" falsecount="0"/>
      <line num="53" count="1" type="stmt"/>
      <line num="63" count="21" type="stmt"/>
      <line num="72" count="8" type="stmt"/>
    </file>
  </project>
</coverage>
