{"/Users/mac/Desktop/EduAI/apps/core/app/routes/api/courses.enrollments.ts": {"path":"/Users/mac/Desktop/EduAI/apps/core/app/routes/api/courses.enrollments.ts","statementMap":{"0":{"start":{"line":9,"column":19},"end":{"line":9,"column":null}},"1":{"start":{"line":10,"column":2},"end":{"line":15,"column":null}},"2":{"start":{"line":11,"column":4},"end":{"line":14,"column":null}},"3":{"start":{"line":17,"column":21},"end":{"line":17,"column":null}},"4":{"start":{"line":18,"column":30},"end":{"line":18,"column":null}},"5":{"start":{"line":20,"column":2},"end":{"line":36,"column":null}},"6":{"start":{"line":21,"column":28},"end":{"line":21,"column":null}},"7":{"start":{"line":22,"column":4},"end":{"line":24,"column":null}},"8":{"start":{"line":23,"column":6},"end":{"line":23,"column":null}},"9":{"start":{"line":25,"column":4},"end":{"line":25,"column":null}},"10":{"start":{"line":27,"column":20},"end":{"line":27,"column":null}},"11":{"start":{"line":29,"column":4},"end":{"line":34,"column":null}},"12":{"start":{"line":30,"column":6},"end":{"line":33,"column":null}},"13":{"start":{"line":35,"column":4},"end":{"line":35,"column":null}},"14":{"start":{"line":38,"column":17},"end":{"line":38,"column":null}},"15":{"start":{"line":39,"column":2},"end":{"line":44,"column":null}},"16":{"start":{"line":40,"column":4},"end":{"line":43,"column":null}},"17":{"start":{"line":46,"column":22},"end":{"line":46,"column":null}},"18":{"start":{"line":49,"column":2},"end":{"line":61,"column":null}},"19":{"start":{"line":50,"column":29},"end":{"line":50,"column":null}},"20":{"start":{"line":50,"column":53},"end":{"line":50,"column":72}},"21":{"start":{"line":52,"column":4},"end":{"line":60,"column":null}},"22":{"start":{"line":53,"column":6},"end":{"line":59,"column":null}},"23":{"start":{"line":63,"column":17},"end":{"line":70,"column":null}},"24":{"start":{"line":63,"column":41},"end":{"line":70,"column":4}},"25":{"start":{"line":72,"column":2},"end":{"line":75,"column":null}}},"fnMap":{"0":{"name":"loader","decl":{"start":{"line":8,"column":22},"end":{"line":8,"column":29}},"loc":{"start":{"line":8,"column":70},"end":{"line":76,"column":null}},"line":8},"1":{"name":"(anonymous_1)","decl":{"start":{"line":50,"column":46},"end":{"line":50,"column":47}},"loc":{"start":{"line":50,"column":53},"end":{"line":50,"column":72}},"line":50},"2":{"name":"(anonymous_2)","decl":{"start":{"line":63,"column":33},"end":{"line":63,"column":34}},"loc":{"start":{"line":63,"column":41},"end":{"line":70,"column":4}},"line":63}},"branchMap":{"0":{"loc":{"start":{"line":10,"column":2},"end":{"line":15,"column":null}},"type":"if","locations":[{"start":{"line":10,"column":2},"end":{"line":15,"column":null}},{"start":{},"end":{}}],"line":10},"1":{"loc":{"start":{"line":20,"column":2},"end":{"line":36,"column":null}},"type":"if","locations":[{"start":{"line":20,"column":2},"end":{"line":36,"column":null}},{"start":{"line":26,"column":9},"end":{"line":36,"column":null}}],"line":20},"2":{"loc":{"start":{"line":22,"column":4},"end":{"line":24,"column":null}},"type":"if","locations":[{"start":{"line":22,"column":4},"end":{"line":24,"column":null}},{"start":{},"end":{}}],"line":22},"3":{"loc":{"start":{"line":29,"column":4},"end":{"line":34,"column":null}},"type":"if","locations":[{"start":{"line":29,"column":4},"end":{"line":34,"column":null}},{"start":{},"end":{}}],"line":29},"4":{"loc":{"start":{"line":39,"column":2},"end":{"line":44,"column":null}},"type":"if","locations":[{"start":{"line":39,"column":2},"end":{"line":44,"column":null}},{"start":{},"end":{}}],"line":39},"5":{"loc":{"start":{"line":49,"column":2},"end":{"line":61,"column":null}},"type":"if","locations":[{"start":{"line":49,"column":2},"end":{"line":61,"column":null}},{"start":{},"end":{}}],"line":49},"6":{"loc":{"start":{"line":49,"column":6},"end":{"line":49,"column":31}},"type":"binary-expr","locations":[{"start":{"line":49,"column":6},"end":{"line":49,"column":23}},{"start":{"line":49,"column":23},"end":{"line":49,"column":31}}],"line":49},"7":{"loc":{"start":{"line":52,"column":4},"end":{"line":60,"column":null}},"type":"if","locations":[{"start":{"line":52,"column":4},"end":{"line":60,"column":null}},{"start":{},"end":{}}],"line":52},"8":{"loc":{"start":{"line":67,"column":16},"end":{"line":67,"column":null}},"type":"binary-expr","locations":[{"start":{"line":67,"column":16},"end":{"line":67,"column":47}},{"start":{"line":67,"column":47},"end":{"line":67,"column":null}}],"line":67}},"s":{"0":14,"1":14,"2":1,"3":13,"4":13,"5":13,"6":8,"7":8,"8":1,"9":7,"10":5,"11":5,"12":1,"13":4,"14":11,"15":11,"16":2,"17":9,"18":9,"19":3,"20":7,"21":3,"22":1,"23":8,"24":21,"25":8},"f":{"0":14,"1":7,"2":21},"b":{"0":[1,13],"1":[8,5],"2":[1,7],"3":[1,4],"4":[2,9],"5":[3,6],"6":[9,3],"7":[1,2],"8":[21,7]},"meta":{"lastBranch":9,"lastFunction":3,"lastStatement":26,"seen":{"f:8:22:8:29":0,"s:9:19:9:Infinity":0,"b:10:2:15:Infinity:undefined:undefined:undefined:undefined":0,"s:10:2:15:Infinity":1,"s:11:4:14:Infinity":2,"s:17:21:17:Infinity":3,"s:18:30:18:Infinity":4,"b:20:2:36:Infinity:26:9:36:Infinity":1,"s:20:2:36:Infinity":5,"s:21:28:21:Infinity":6,"b:22:4:24:Infinity:undefined:undefined:undefined:undefined":2,"s:22:4:24:Infinity":7,"s:23:6:23:Infinity":8,"s:25:4:25:Infinity":9,"s:27:20:27:Infinity":10,"b:29:4:34:Infinity:undefined:undefined:undefined:undefined":3,"s:29:4:34:Infinity":11,"s:30:6:33:Infinity":12,"s:35:4:35:Infinity":13,"s:38:17:38:Infinity":14,"b:39:2:44:Infinity:undefined:undefined:undefined:undefined":4,"s:39:2:44:Infinity":15,"s:40:4:43:Infinity":16,"s:46:22:46:Infinity":17,"b:49:2:61:Infinity:undefined:undefined:undefined:undefined":5,"s:49:2:61:Infinity":18,"b:49:6:49:23:49:23:49:31":6,"s:50:29:50:Infinity":19,"f:50:46:50:47":1,"s:50:53:50:72":20,"b:52:4:60:Infinity:undefined:undefined:undefined:undefined":7,"s:52:4:60:Infinity":21,"s:53:6:59:Infinity":22,"s:63:17:70:Infinity":23,"f:63:33:63:34":2,"s:63:41:70:4":24,"b:67:16:67:47:67:47:67:Infinity":8,"s:72:2:75:Infinity":25}}}
}
